<?xml version="1.0" encoding="UTF-8"?>
<robot generator="Robot 6.0.2 (Python 3.9.13 on win32)" generated="20230212 14:59:29.948" rpa="false" schemaversion="3">
<suite id="s1" name="Robot1" source="C:\Users\danie\PycharmProjects\pythonProject\12_02_2023\robot1.robot">
<test id="s1-t1" name="Poprawne Logowanie" line="50">
<kw name="Open Browser" library="SeleniumLibrary">
<arg>https://pl.wikipedia.org</arg>
<arg>chrome</arg>
<doc>Opens a new browser instance to the optional ``url``.</doc>
<msg timestamp="20230212 14:59:30.106" level="INFO">Opening browser 'chrome' to base url 'https://pl.wikipedia.org'.</msg>
<status status="PASS" starttime="20230212 14:59:30.106" endtime="20230212 14:59:32.302"/>
</kw>
<kw name="Wait Until Element Is Visible" library="SeleniumLibrary">
<arg>pt-login</arg>
<arg>3</arg>
<arg>Mamy blad</arg>
<doc>Waits until the element ``locator`` is visible.</doc>
<status status="PASS" starttime="20230212 14:59:32.302" endtime="20230212 14:59:32.318"/>
</kw>
<kw name="Click Element" library="SeleniumLibrary">
<arg>pt-login</arg>
<doc>Click the element identified by ``locator``.</doc>
<msg timestamp="20230212 14:59:32.319" level="INFO">Clicking element 'pt-login'.</msg>
<status status="PASS" starttime="20230212 14:59:32.319" endtime="20230212 14:59:33.281"/>
</kw>
<kw name="Get Text" library="SeleniumLibrary">
<var>${my_value}</var>
<arg>pt-login</arg>
<doc>Returns the text value of the element identified by ``locator``.</doc>
<msg timestamp="20230212 14:59:33.316" level="INFO">${my_value} = Zaloguj się</msg>
<status status="PASS" starttime="20230212 14:59:33.281" endtime="20230212 14:59:33.316"/>
</kw>
<kw name="Should Be Empty" library="BuiltIn">
<arg>${my_value}</arg>
<doc>Verifies that the given item is empty.</doc>
<msg timestamp="20230212 14:59:33.317" level="INFO">Length is 11</msg>
<msg timestamp="20230212 14:59:33.317" level="FAIL">'Zaloguj się' should be empty.</msg>
<status status="FAIL" starttime="20230212 14:59:33.316" endtime="20230212 14:59:33.317"/>
</kw>
<kw name="Input Text" library="SeleniumLibrary">
<arg>wpName1</arg>
<arg>RobotTests</arg>
<doc>Types the given ``text`` into the text field identified by ``locator``.</doc>
<status status="NOT RUN" starttime="20230212 14:59:33.317" endtime="20230212 14:59:33.317"/>
</kw>
<kw name="Get Text" library="SeleniumLibrary">
<var>${my_value}</var>
<arg>//*[@id="wpPassword1"]</arg>
<doc>Returns the text value of the element identified by ``locator``.</doc>
<status status="NOT RUN" starttime="20230212 14:59:33.317" endtime="20230212 14:59:33.317"/>
</kw>
<kw name="Should Be Empty" library="BuiltIn">
<arg>${my_value}</arg>
<doc>Verifies that the given item is empty.</doc>
<status status="NOT RUN" starttime="20230212 14:59:33.317" endtime="20230212 14:59:33.317"/>
</kw>
<kw name="Input Text" library="SeleniumLibrary">
<arg>//*[@id="wpPassword1"]</arg>
<arg>RobotFramework</arg>
<doc>Types the given ``text`` into the text field identified by ``locator``.</doc>
<status status="NOT RUN" starttime="20230212 14:59:33.318" endtime="20230212 14:59:33.318"/>
</kw>
<kw name="Checkbox Should Not Be Selected" library="SeleniumLibrary">
<arg>wpRemember</arg>
<doc>Verifies checkbox ``locator`` is not selected/checked.</doc>
<status status="NOT RUN" starttime="20230212 14:59:33.318" endtime="20230212 14:59:33.318"/>
</kw>
<kw name="Select Checkbox" library="SeleniumLibrary">
<arg>wpRemember</arg>
<doc>Selects the checkbox identified by ``locator``.</doc>
<status status="NOT RUN" starttime="20230212 14:59:33.318" endtime="20230212 14:59:33.318"/>
</kw>
<kw name="Click Button" library="SeleniumLibrary">
<arg>wploginAttempt</arg>
<doc>Clicks the button identified by ``locator``.</doc>
<status status="NOT RUN" starttime="20230212 14:59:33.318" endtime="20230212 14:59:33.318"/>
</kw>
<kw name="Capture Page Screenshot" library="SeleniumLibrary">
<arg>screen.png</arg>
<doc>Takes a screenshot of the current page and embeds it into a log file.</doc>
<status status="NOT RUN" starttime="20230212 14:59:33.318" endtime="20230212 14:59:33.318"/>
</kw>
<kw name="Close Browser" library="SeleniumLibrary">
<doc>Closes the current browser.</doc>
<status status="NOT RUN" starttime="20230212 14:59:33.318" endtime="20230212 14:59:33.319"/>
</kw>
<status status="FAIL" starttime="20230212 14:59:30.105" endtime="20230212 14:59:33.319">'Zaloguj się' should be empty.</status>
</test>
<status status="FAIL" starttime="20230212 14:59:29.949" endtime="20230212 14:59:33.320"/>
</suite>
<statistics>
<total>
<stat pass="0" fail="1" skip="0">All Tests</stat>
</total>
<tag>
</tag>
<suite>
<stat pass="0" fail="1" skip="0" id="s1" name="Robot1">Robot1</stat>
</suite>
</statistics>
<errors>
</errors>
</robot>
